# JRE version: OpenJDK Runtime Environment Temurin-25.0.2+10 (25.0.2+10) (build 25.0.2+10-LTS)
# Java VM: OpenJDK 64-Bit Server VM Temurin-25.0.2+10 (25.0.2+10-LTS, mixed mode, sharing, tiered, compressed oops, compressed class ptrs, g1 gc, windows-amd64)
GC Precious Log:
 CardTable entry size: 512
 Card Set container configuration: InlinePtr #cards 4 size 8 Array Of Cards #cards 32 size 80 Howl #buckets 8 coarsen threshold 7372 Howl Bitmap #cards 1024 size 144 coarsen threshold 921 Card regions per heap region 1 cards per card region 8192
 CPUs: 16 total, 16 available
 Memory: 32671M
 Large Page Support: Disabled
 NUMA Support: Disabled
 Compressed Oops: Enabled (Zero based)
 Heap Region Size: 4M
 Heap Min Capacity: 8M
 Heap Initial Capacity: 512M
 Heap Max Capacity: 8168M
 Pre-touch: Disabled
 Parallel Workers: 13
 Concurrent Workers: 3
 Concurrent Refinement Workers: 13
 Periodic GC: Disabled
Heap:
 garbage-first heap   total reserved 8364032K, committed 528384K, used 242635K [0x0000000601800000, 0x0000000800000000)
  region size 4096K, 52 young (212992K), 1 survivors (4096K)
GC Heap Usage History (20 events):
Event: 44.350 {heap Before GC invocations=21 (full 0):
 garbage-first heap   total reserved 8364032K, committed 528384K, used 344963K [0x0000000601800000, 0x0000000800000000)
  region size 4096K, 76 young (311296K), 1 survivors (4096K)
}
Event: 44.351 {heap After GC invocations=22 (full 0):
 garbage-first heap   total reserved 8364032K, committed 528384K, used 37771K [0x0000000601800000, 0x0000000800000000)
  region size 4096K, 1 young (4096K), 1 survivors (4096K)
}
Event: 46.177 {heap Before GC invocations=22 (full 0):
 garbage-first heap   total reserved 8364032K, committed 528384K, used 344971K [0x0000000601800000, 0x0000000800000000)
  region size 4096K, 76 young (311296K), 1 survivors (4096K)
}
Event: 46.178 {heap After GC invocations=23 (full 0):
 garbage-first heap   total reserved 8364032K, committed 528384K, used 37785K [0x0000000601800000, 0x0000000800000000)
  region size 4096K, 1 young (4096K), 1 survivors (4096K)
}
Event: 49.234 {heap Before GC invocations=23 (full 0):
 garbage-first heap   total reserved 8364032K, committed 528384K, used 344985K [0x0000000601800000, 0x0000000800000000)
  region size 4096K, 76 young (311296K), 1 survivors (4096K)
}
Event: 49.235 {heap After GC invocations=24 (full 0):
 garbage-first heap   total reserved 8364032K, committed 528384K, used 37785K [0x0000000601800000, 0x0000000800000000)
  region size 4096K, 1 young (4096K), 1 survivors (4096K)
}
Event: 49.747 {heap Before GC invocations=24 (full 0):
 garbage-first heap   total reserved 8364032K, committed 528384K, used 344985K [0x0000000601800000, 0x0000000800000000)
  region size 4096K, 76 young (311296K), 1 survivors (4096K)
}
Event: 49.747 {heap After GC invocations=25 (full 0):
 garbage-first heap   total reserved 8364032K, committed 528384K, used 37781K [0x0000000601800000, 0x0000000800000000)
  region size 4096K, 1 young (4096K), 1 survivors (4096K)
}
Event: 51.417 {heap Before GC invocations=25 (full 0):
 garbage-first heap   total reserved 8364032K, committed 528384K, used 344981K [0x0000000601800000, 0x0000000800000000)
  region size 4096K, 76 young (311296K), 1 survivors (4096K)
}
Event: 51.417 {heap After GC invocations=26 (full 0):
 garbage-first heap   total reserved 8364032K, committed 528384K, used 37803K [0x0000000601800000, 0x0000000800000000)
  region size 4096K, 1 young (4096K), 1 survivors (4096K)
}
Event: 53.210 {heap Before GC invocations=26 (full 0):
 garbage-first heap   total reserved 8364032K, committed 528384K, used 345003K [0x0000000601800000, 0x0000000800000000)
  region size 4096K, 76 young (311296K), 1 survivors (4096K)
}
Event: 53.211 {heap After GC invocations=27 (full 0):
 garbage-first heap   total reserved 8364032K, committed 528384K, used 37803K [0x0000000601800000, 0x0000000800000000)
  region size 4096K, 1 young (4096K), 1 survivors (4096K)
}
Event: 54.977 {heap Before GC invocations=27 (full 0):
 garbage-first heap   total reserved 8364032K, committed 528384K, used 345003K [0x0000000601800000, 0x0000000800000000)
  region size 4096K, 76 young (311296K), 1 survivors (4096K)
}
Event: 54.977 {heap After GC invocations=28 (full 0):
 garbage-first heap   total reserved 8364032K, committed 528384K, used 37813K [0x0000000601800000, 0x0000000800000000)
  region size 4096K, 1 young (4096K), 1 survivors (4096K)
}
Event: 57.309 {heap Before GC invocations=28 (full 0):
 garbage-first heap   total reserved 8364032K, committed 528384K, used 345013K [0x0000000601800000, 0x0000000800000000)
  region size 4096K, 76 young (311296K), 1 survivors (4096K)
}
Event: 57.309 {heap After GC invocations=29 (full 0):
 garbage-first heap   total reserved 8364032K, committed 528384K, used 37819K [0x0000000601800000, 0x0000000800000000)
  region size 4096K, 1 young (4096K), 1 survivors (4096K)
}
Event: 58.571 {heap Before GC invocations=29 (full 0):
 garbage-first heap   total reserved 8364032K, committed 528384K, used 345019K [0x0000000601800000, 0x0000000800000000)
  region size 4096K, 76 young (311296K), 1 survivors (4096K)
}
Event: 58.571 {heap After GC invocations=30 (full 0):
 garbage-first heap   total reserved 8364032K, committed 528384K, used 37833K [0x0000000601800000, 0x0000000800000000)
  region size 4096K, 1 young (4096K), 1 survivors (4096K)
}
Event: 60.289 {heap Before GC invocations=30 (full 0):
 garbage-first heap   total reserved 8364032K, committed 528384K, used 345033K [0x0000000601800000, 0x0000000800000000)
  region size 4096K, 76 young (311296K), 1 survivors (4096K)
}
Event: 60.290 {heap After GC invocations=31 (full 0):
 garbage-first heap   total reserved 8364032K, committed 528384K, used 37835K [0x0000000601800000, 0x0000000800000000)
  region size 4096K, 1 young (4096K), 1 survivors (4096K)
}

