# JRE version: OpenJDK Runtime Environment Temurin-25.0.2+10 (25.0.2+10) (build 25.0.2+10-LTS)
# Java VM: OpenJDK 64-Bit Server VM Temurin-25.0.2+10 (25.0.2+10-LTS, mixed mode, sharing, tiered, compressed oops, compressed class ptrs, g1 gc, windows-amd64)
GC Precious Log:
 CardTable entry size: 512
 Card Set container configuration: InlinePtr #cards 4 size 8 Array Of Cards #cards 32 size 80 Howl #buckets 8 coarsen threshold 7372 Howl Bitmap #cards 1024 size 144 coarsen threshold 921 Card regions per heap region 1 cards per card region 8192
 CPUs: 16 total, 16 available
 Memory: 32671M
 Large Page Support: Disabled
 NUMA Support: Disabled
 Compressed Oops: Enabled (Zero based)
 Heap Region Size: 4M
 Heap Min Capacity: 8M
 Heap Initial Capacity: 512M
 Heap Max Capacity: 8168M
 Pre-touch: Disabled
 Parallel Workers: 13
 Concurrent Workers: 3
 Concurrent Refinement Workers: 13
 Periodic GC: Disabled
Heap:
 garbage-first heap   total reserved 8364032K, committed 528384K, used 98003K [0x0000000601800000, 0x0000000800000000)
  region size 4096K, 19 young (77824K), 3 survivors (12288K)
GC Heap Usage History (8 events):
Event: 0.538 {heap Before GC invocations=0 (full 0):
 garbage-first heap   total reserved 8364032K, committed 528384K, used 50323K [0x0000000601800000, 0x0000000800000000)
  region size 4096K, 12 young (49152K), 0 survivors (0K)
}
Event: 0.539 {heap After GC invocations=1 (full 0):
 garbage-first heap   total reserved 8364032K, committed 528384K, used 4506K [0x0000000601800000, 0x0000000800000000)
  region size 4096K, 1 young (4096K), 1 survivors (4096K)
}
Event: 1.138 {heap Before GC invocations=1 (full 0):
 garbage-first heap   total reserved 8364032K, committed 528384K, used 246170K [0x0000000601800000, 0x0000000800000000)
  region size 4096K, 59 young (241664K), 1 survivors (4096K)
}
Event: 1.140 {heap After GC invocations=2 (full 0):
 garbage-first heap   total reserved 8364032K, committed 528384K, used 17784K [0x0000000601800000, 0x0000000800000000)
  region size 4096K, 3 young (12288K), 3 survivors (12288K)
}
Event: 3.599 {heap Before GC invocations=2 (full 0):
 garbage-first heap   total reserved 8364032K, committed 528384K, used 316792K [0x0000000601800000, 0x0000000800000000)
  region size 4096K, 76 young (311296K), 3 survivors (12288K)
}
Event: 3.601 {heap After GC invocations=3 (full 0):
 garbage-first heap   total reserved 8364032K, committed 528384K, used 16656K [0x0000000601800000, 0x0000000800000000)
  region size 4096K, 2 young (8192K), 2 survivors (8192K)
}
Event: 6.307 {heap Before GC invocations=3 (full 0):
 garbage-first heap   total reserved 8364032K, committed 528384K, used 332048K [0x0000000601800000, 0x0000000800000000)
  region size 4096K, 76 young (311296K), 2 survivors (8192K)
}
Event: 6.310 {heap After GC invocations=4 (full 0):
 garbage-first heap   total reserved 8364032K, committed 528384K, used 36563K [0x0000000601800000, 0x0000000800000000)
  region size 4096K, 3 young (12288K), 3 survivors (12288K)
}

