# JRE version: OpenJDK Runtime Environment Temurin-25.0.2+10 (25.0.2+10) (build 25.0.2+10-LTS)
# Java VM: OpenJDK 64-Bit Server VM Temurin-25.0.2+10 (25.0.2+10-LTS, mixed mode, sharing, tiered, compressed oops, compressed class ptrs, g1 gc, windows-amd64)
GC Precious Log:
 CardTable entry size: 512
 Card Set container configuration: InlinePtr #cards 4 size 8 Array Of Cards #cards 32 size 80 Howl #buckets 8 coarsen threshold 7372 Howl Bitmap #cards 1024 size 144 coarsen threshold 921 Card regions per heap region 1 cards per card region 8192
 CPUs: 16 total, 16 available
 Memory: 32671M
 Large Page Support: Disabled
 NUMA Support: Disabled
 Compressed Oops: Enabled (Zero based)
 Heap Region Size: 4M
 Heap Min Capacity: 8M
 Heap Initial Capacity: 512M
 Heap Max Capacity: 8168M
 Pre-touch: Disabled
 Parallel Workers: 13
 Concurrent Workers: 3
 Concurrent Refinement Workers: 13
 Periodic GC: Disabled
Heap:
 garbage-first heap   total reserved 8364032K, committed 528384K, used 267288K [0x0000000601800000, 0x0000000800000000)
  region size 4096K, 58 young (237568K), 1 survivors (4096K)
GC Heap Usage History (20 events):
Event: 18.195 {heap Before GC invocations=8 (full 0):
 garbage-first heap   total reserved 8364032K, committed 528384K, used 335983K [0x0000000601800000, 0x0000000800000000)
  region size 4096K, 76 young (311296K), 3 survivors (12288K)
}
Event: 18.197 {heap After GC invocations=9 (full 0):
 garbage-first heap   total reserved 8364032K, committed 528384K, used 36569K [0x0000000601800000, 0x0000000800000000)
  region size 4096K, 3 young (12288K), 3 survivors (12288K)
}
Event: 20.229 {heap Before GC invocations=9 (full 0):
 garbage-first heap   total reserved 8364032K, committed 528384K, used 335577K [0x0000000601800000, 0x0000000800000000)
  region size 4096K, 76 young (311296K), 3 survivors (12288K)
}
Event: 20.231 {heap After GC invocations=10 (full 0):
 garbage-first heap   total reserved 8364032K, committed 528384K, used 36589K [0x0000000601800000, 0x0000000800000000)
  region size 4096K, 3 young (12288K), 3 survivors (12288K)
}
Event: 22.444 {heap Before GC invocations=10 (full 0):
 garbage-first heap   total reserved 8364032K, committed 528384K, used 335597K [0x0000000601800000, 0x0000000800000000)
  region size 4096K, 76 young (311296K), 3 survivors (12288K)
}
Event: 22.446 {heap After GC invocations=11 (full 0):
 garbage-first heap   total reserved 8364032K, committed 528384K, used 36545K [0x0000000601800000, 0x0000000800000000)
  region size 4096K, 3 young (12288K), 3 survivors (12288K)
}
Event: 25.003 {heap Before GC invocations=11 (full 0):
 garbage-first heap   total reserved 8364032K, committed 528384K, used 335553K [0x0000000601800000, 0x0000000800000000)
  region size 4096K, 76 young (311296K), 3 survivors (12288K)
}
Event: 25.005 {heap After GC invocations=12 (full 0):
 garbage-first heap   total reserved 8364032K, committed 528384K, used 37819K [0x0000000601800000, 0x0000000800000000)
  region size 4096K, 3 young (12288K), 3 survivors (12288K)
}
Event: 26.682 {heap Before GC invocations=12 (full 0):
 garbage-first heap   total reserved 8364032K, committed 528384K, used 336827K [0x0000000601800000, 0x0000000800000000)
  region size 4096K, 76 young (311296K), 3 survivors (12288K)
}
Event: 26.684 {heap After GC invocations=13 (full 0):
 garbage-first heap   total reserved 8364032K, committed 528384K, used 36477K [0x0000000601800000, 0x0000000800000000)
  region size 4096K, 3 young (12288K), 3 survivors (12288K)
}
Event: 28.849 {heap Before GC invocations=13 (full 0):
 garbage-first heap   total reserved 8364032K, committed 528384K, used 335485K [0x0000000601800000, 0x0000000800000000)
  region size 4096K, 76 young (311296K), 3 survivors (12288K)
}
Event: 28.851 {heap After GC invocations=14 (full 0):
 garbage-first heap   total reserved 8364032K, committed 528384K, used 36805K [0x0000000601800000, 0x0000000800000000)
  region size 4096K, 3 young (12288K), 3 survivors (12288K)
}
Event: 31.391 {heap Before GC invocations=14 (full 0):
 garbage-first heap   total reserved 8364032K, committed 528384K, used 335813K [0x0000000601800000, 0x0000000800000000)
  region size 4096K, 76 young (311296K), 3 survivors (12288K)
}
Event: 31.394 {heap After GC invocations=15 (full 0):
 garbage-first heap   total reserved 8364032K, committed 528384K, used 36424K [0x0000000601800000, 0x0000000800000000)
  region size 4096K, 3 young (12288K), 3 survivors (12288K)
}
Event: 33.090 {heap Before GC invocations=15 (full 0):
 garbage-first heap   total reserved 8364032K, committed 528384K, used 335432K [0x0000000601800000, 0x0000000800000000)
  region size 4096K, 76 young (311296K), 3 survivors (12288K)
}
Event: 33.093 {heap After GC invocations=16 (full 0):
 garbage-first heap   total reserved 8364032K, committed 528384K, used 37874K [0x0000000601800000, 0x0000000800000000)
  region size 4096K, 3 young (12288K), 3 survivors (12288K)
}
Event: 35.254 {heap Before GC invocations=16 (full 0):
 garbage-first heap   total reserved 8364032K, committed 528384K, used 336882K [0x0000000601800000, 0x0000000800000000)
  region size 4096K, 76 young (311296K), 3 survivors (12288K)
}
Event: 35.255 {heap After GC invocations=17 (full 0):
 garbage-first heap   total reserved 8364032K, committed 528384K, used 37211K [0x0000000601800000, 0x0000000800000000)
  region size 4096K, 1 young (4096K), 1 survivors (4096K)
}
Event: 36.918 {heap Before GC invocations=17 (full 0):
 garbage-first heap   total reserved 8364032K, committed 528384K, used 344411K [0x0000000601800000, 0x0000000800000000)
  region size 4096K, 76 young (311296K), 1 survivors (4096K)
}
Event: 36.919 {heap After GC invocations=18 (full 0):
 garbage-first heap   total reserved 8364032K, committed 528384K, used 37912K [0x0000000601800000, 0x0000000800000000)
  region size 4096K, 1 young (4096K), 1 survivors (4096K)
}

