# JRE version: OpenJDK Runtime Environment Temurin-25.0.2+10 (25.0.2+10) (build 25.0.2+10-LTS)
# Java VM: OpenJDK 64-Bit Server VM Temurin-25.0.2+10 (25.0.2+10-LTS, mixed mode, sharing, tiered, compressed oops, compressed class ptrs, g1 gc, windows-amd64)
GC Precious Log:
 CardTable entry size: 512
 Card Set container configuration: InlinePtr #cards 4 size 8 Array Of Cards #cards 32 size 80 Howl #buckets 8 coarsen threshold 7372 Howl Bitmap #cards 1024 size 144 coarsen threshold 921 Card regions per heap region 1 cards per card region 8192
 CPUs: 16 total, 16 available
 Memory: 32671M
 Large Page Support: Disabled
 NUMA Support: Disabled
 Compressed Oops: Enabled (Zero based)
 Heap Region Size: 4M
 Heap Min Capacity: 8M
 Heap Initial Capacity: 512M
 Heap Max Capacity: 8168M
 Pre-touch: Disabled
 Parallel Workers: 13
 Concurrent Workers: 3
 Concurrent Refinement Workers: 13
 Periodic GC: Disabled
Heap:
 garbage-first heap   total reserved 8364032K, committed 528384K, used 20955K [0x0000000601800000, 0x0000000800000000)
  region size 4096K, 5 young (20480K), 1 survivors (4096K)
GC Heap Usage History (20 events):
Event: 51.298 {heap Before GC invocations=25 (full 0):
 garbage-first heap   total reserved 8364032K, committed 528384K, used 315381K [0x0000000601800000, 0x0000000800000000)
  region size 4096K, 76 young (311296K), 1 survivors (4096K)
}
Event: 51.298 {heap After GC invocations=26 (full 0):
 garbage-first heap   total reserved 8364032K, committed 528384K, used 8201K [0x0000000601800000, 0x0000000800000000)
  region size 4096K, 1 young (4096K), 1 survivors (4096K)
}
Event: 53.047 {heap Before GC invocations=26 (full 0):
 garbage-first heap   total reserved 8364032K, committed 528384K, used 315401K [0x0000000601800000, 0x0000000800000000)
  region size 4096K, 76 young (311296K), 1 survivors (4096K)
}
Event: 53.048 {heap After GC invocations=27 (full 0):
 garbage-first heap   total reserved 8364032K, committed 528384K, used 8203K [0x0000000601800000, 0x0000000800000000)
  region size 4096K, 1 young (4096K), 1 survivors (4096K)
}
Event: 54.800 {heap Before GC invocations=27 (full 0):
 garbage-first heap   total reserved 8364032K, committed 528384K, used 315403K [0x0000000601800000, 0x0000000800000000)
  region size 4096K, 76 young (311296K), 1 survivors (4096K)
}
Event: 54.801 {heap After GC invocations=28 (full 0):
 garbage-first heap   total reserved 8364032K, committed 528384K, used 8205K [0x0000000601800000, 0x0000000800000000)
  region size 4096K, 1 young (4096K), 1 survivors (4096K)
}
Event: 57.360 {heap Before GC invocations=28 (full 0):
 garbage-first heap   total reserved 8364032K, committed 528384K, used 315405K [0x0000000601800000, 0x0000000800000000)
  region size 4096K, 76 young (311296K), 1 survivors (4096K)
}
Event: 57.360 {heap After GC invocations=29 (full 0):
 garbage-first heap   total reserved 8364032K, committed 528384K, used 8205K [0x0000000601800000, 0x0000000800000000)
  region size 4096K, 1 young (4096K), 1 survivors (4096K)
}
Event: 58.330 {heap Before GC invocations=29 (full 0):
 garbage-first heap   total reserved 8364032K, committed 528384K, used 315405K [0x0000000601800000, 0x0000000800000000)
  region size 4096K, 76 young (311296K), 1 survivors (4096K)
}
Event: 58.330 {heap After GC invocations=30 (full 0):
 garbage-first heap   total reserved 8364032K, committed 528384K, used 8227K [0x0000000601800000, 0x0000000800000000)
  region size 4096K, 1 young (4096K), 1 survivors (4096K)
}
Event: 60.126 {heap Before GC invocations=30 (full 0):
 garbage-first heap   total reserved 8364032K, committed 528384K, used 315427K [0x0000000601800000, 0x0000000800000000)
  region size 4096K, 76 young (311296K), 1 survivors (4096K)
}
Event: 60.126 {heap After GC invocations=31 (full 0):
 garbage-first heap   total reserved 8364032K, committed 528384K, used 8227K [0x0000000601800000, 0x0000000800000000)
  region size 4096K, 1 young (4096K), 1 survivors (4096K)
}
Event: 61.873 {heap Before GC invocations=31 (full 0):
 garbage-first heap   total reserved 8364032K, committed 528384K, used 315427K [0x0000000601800000, 0x0000000800000000)
  region size 4096K, 76 young (311296K), 1 survivors (4096K)
}
Event: 61.873 {heap After GC invocations=32 (full 0):
 garbage-first heap   total reserved 8364032K, committed 528384K, used 8634K [0x0000000601800000, 0x0000000800000000)
  region size 4096K, 1 young (4096K), 1 survivors (4096K)
}
Event: 65.426 {heap Before GC invocations=32 (full 0):
 garbage-first heap   total reserved 8364032K, committed 528384K, used 315834K [0x0000000601800000, 0x0000000800000000)
  region size 4096K, 76 young (311296K), 1 survivors (4096K)
}
Event: 65.427 {heap After GC invocations=33 (full 0):
 garbage-first heap   total reserved 8364032K, committed 528384K, used 8525K [0x0000000601800000, 0x0000000800000000)
  region size 4096K, 1 young (4096K), 1 survivors (4096K)
}
Event: 65.944 {heap Before GC invocations=33 (full 0):
 garbage-first heap   total reserved 8364032K, committed 528384K, used 315725K [0x0000000601800000, 0x0000000800000000)
  region size 4096K, 76 young (311296K), 1 survivors (4096K)
}
Event: 65.944 {heap After GC invocations=34 (full 0):
 garbage-first heap   total reserved 8364032K, committed 528384K, used 8523K [0x0000000601800000, 0x0000000800000000)
  region size 4096K, 1 young (4096K), 1 survivors (4096K)
}
Event: 67.612 {heap Before GC invocations=34 (full 0):
 garbage-first heap   total reserved 8364032K, committed 528384K, used 315723K [0x0000000601800000, 0x0000000800000000)
  region size 4096K, 76 young (311296K), 1 survivors (4096K)
}
Event: 67.613 {heap After GC invocations=35 (full 0):
 garbage-first heap   total reserved 8364032K, committed 528384K, used 8667K [0x0000000601800000, 0x0000000800000000)
  region size 4096K, 1 young (4096K), 1 survivors (4096K)
}

